15:14:28 **** Incremental Build of configuration Debug for project STM32Lora ****
make -j8 all 
arm-none-eabi-g++ "../RA01/ra01.cpp" -mcpu=cortex-m4 -std=gnu++14 -g3 -DDEBUG -DUSE_HAL_DRIVER -DSTM32G431xx -c -I../Core/Inc -I../Drivers/STM32G4xx_HAL_Driver/Inc -I../Drivers/STM32G4xx_HAL_Driver/Inc/Legacy -I../Drivers/CMSIS/Device/ST/STM32G4xx/Include -I../Drivers/CMSIS/Include -I"C:/Users/josep/Projects/STM32Lora/STM32Lora/RA01" -O0 -ffunction-sections -fdata-sections -fno-exceptions -fno-rtti -fno-use-cxa-atexit -Wall -fstack-usage -MMD -MP -MF"RA01/ra01.d" -MT"RA01/ra01.o" --specs=nano.specs -mfpu=fpv4-sp-d16 -mfloat-abi=hard -mthumb -o "RA01/ra01.o"
arm-none-eabi-g++ "../Core/Src/main.c" -mcpu=cortex-m4 -std=gnu11 -g3 -DDEBUG -DUSE_HAL_DRIVER -DSTM32G431xx -c -I../Core/Inc -I../Drivers/STM32G4xx_HAL_Driver/Inc -I../Drivers/STM32G4xx_HAL_Driver/Inc/Legacy -I../Drivers/CMSIS/Device/ST/STM32G4xx/Include -I../Drivers/CMSIS/Include -I"C:/Users/josep/Projects/STM32Lora/STM32Lora/RA01" -O0 -ffunction-sections -fdata-sections -Wall -fstack-usage -MMD -MP -MF"Core/Src/main.d" -MT"Core/Src/main.o" --specs=nano.specs -mfpu=fpv4-sp-d16 -mfloat-abi=hard -mthumb -o "Core/Src/main.o"
cc1plus.exe: warning: command-line option '-std=gnu11' is valid for C/ObjC but not for C++
../RA01/ra01.cpp:13: warning: "SET_DIO_IRQ_PARAMS" redefined
   13 | #define SET_DIO_IRQ_PARAMS   0X08
      | 
In file included from ../RA01/ra01.cpp:8:
C:/Users/josep/Projects/STM32Lora/STM32Lora/RA01/ra01.h:16: note: this is the location of the previous definition
   16 | #define SET_DIO_IRQ_PARAMS   0x08
      | 
../RA01/ra01.cpp:14: warning: "SET_RX" redefined
   14 | #define SET_RX      0X82
      | 
In file included from ../RA01/ra01.cpp:8:
C:/Users/josep/Projects/STM32Lora/STM32Lora/RA01/ra01.h:17: note: this is the location of the previous definition
   17 | #define SET_RX      0x82
      | 
../RA01/ra01.cpp: In member function 'int LoRaClass::begin(long int)':
../RA01/ra01.cpp:131:3: error: 'idle' was not declared in this scope
  131 |   idle();
      |   ^~~~
../RA01/ra01.cpp: In member function 'int LoRaClass::beginPacket(int)':
../RA01/ra01.cpp:163:3: error: 'idle' was not declared in this scope
  163 |   idle();
      |   ^~~~
../RA01/ra01.cpp: In member function 'int LoRaClass::endPacket(bool)':
../RA01/ra01.cpp:189:59: warning: suggest parentheses around comparison in operand of '&' [-Wparentheses]
  189 |     while (readRegister(REG_IRQ_FLAGS) & IRQ_TX_DONE_MASK == 0) {
      |                                                           ^
../RA01/ra01.cpp: In member function 'int LoRaClass::parsePacket(int)':
../RA01/ra01.cpp:246:5: error: 'idle' was not declared in this scope
  246 |     idle();
      |     ^~~~
../RA01/ra01.cpp: At global scope:
../RA01/ra01.cpp:411:6: error: no declaration matches 'void LoRaClass::idle()'
  411 | void LoRaClass::idle()
      |      ^~~~~~~~~
../RA01/ra01.cpp:411:6: note: no functions named 'void LoRaClass::idle()'
In file included from ../RA01/ra01.cpp:8:
C:/Users/josep/Projects/STM32Lora/STM32Lora/RA01/ra01.h:86:7: note: 'class LoRaClass' defined here
   86 | class LoRaClass {
      |       ^~~~~~~~~
../RA01/ra01.cpp: In member function 'void LoRaClass::setGain(uint8_t)':
../RA01/ra01.cpp:647:3: error: 'idle' was not declared in this scope
  647 |   idle();
      |   ^~~~
../RA01/ra01.cpp: In member function 'void LoRaClass::writeRegister(uint8_t, uint8_t)':
../RA01/ra01.cpp:750:13: warning: unused variable 'rxData' [-Wunused-variable]
  750 |     uint8_t rxData[5] = {0,0,0,0,0};
      |             ^~~~~~
../RA01/ra01.cpp: In member function 'void LoRaClass::writeCommand(uint8_t, uint8_t*, uint8_t)':
../RA01/ra01.cpp:768:13: warning: unused variable 'rxData' [-Wunused-variable]
  768 |     uint8_t rxData[5] = {0,0,0,0,0};
      |             ^~~~~~
../Core/Src/main.c: In function 'uint8_t checkLoraRead()':
../Core/Src/main.c:63:7: warning: variable 'recieved' set but not used [-Wunused-but-set-variable]
   63 |  bool recieved = false;
      |       ^~~~~~~~
../Core/Src/main.c: In function 'int main()':
../Core/Src/main.c:173:11: warning: unused variable 'loraTransmission' [-Wunused-variable]
  173 |   uint8_t loraTransmission[32];
      |           ^~~~~~~~~~~~~~~~
../Core/Src/main.c:174:11: warning: unused variable 'loraTransmissionLen' [-Wunused-variable]
  174 |   uint8_t loraTransmissionLen = sprintf((char*)spiBuf, "Data:%02X ", (tx_count/15));
      |           ^~~~~~~~~~~~~~~~~~~
../Core/Src/main.c:136:11: warning: unused variable 'val' [-Wunused-variable]
  136 |   uint8_t val;
      |           ^~~
../Core/Src/main.c: In function 'uint8_t loraTransmit(uint8_t*, uint8_t)':
../Core/Src/main.c:87:9: warning: 'void* __builtin_memcpy(void*, const void*, unsigned int)' writing 35 bytes into a region of size 32 overflows the destination [-Wstringop-overflow=]
   87 |   strcpy((char*)uartBuf, "LoRa Transmit Already In Process\r\n");
      |   ~~~~~~^~~~~~~~~~~~~~~~~~~~~~~~~~~~~~~~~~~~~~~~~~~~~~~~~~~~~~~~
make: *** [RA01/subdir.mk:19: RA01/ra01.o] Error 1
make: *** Waiting for unfinished jobs....
"make -j8 all" terminated with exit code 2. Build might be incomplete.
15:14:36 **** Incremental Build of configuration Debug for project STM32Lora ****
make -j8 all 
arm-none-eabi-g++ "../RA01/ra01.cpp" -mcpu=cortex-m4 -std=gnu++14 -g3 -DDEBUG -DUSE_HAL_DRIVER -DSTM32G431xx -c -I../Core/Inc -I../Drivers/STM32G4xx_HAL_Driver/Inc -I../Drivers/STM32G4xx_HAL_Driver/Inc/Legacy -I../Drivers/CMSIS/Device/ST/STM32G4xx/Include -I../Drivers/CMSIS/Include -I"C:/Users/josep/Projects/STM32Lora/STM32Lora/RA01" -O0 -ffunction-sections -fdata-sections -fno-exceptions -fno-rtti -fno-use-cxa-atexit -Wall -fstack-usage -MMD -MP -MF"RA01/ra01.d" -MT"RA01/ra01.o" --specs=nano.specs -mfpu=fpv4-sp-d16 -mfloat-abi=hard -mthumb -o "RA01/ra01.o"
../RA01/ra01.cpp:13: warning: "SET_DIO_IRQ_PARAMS" redefined
   13 | #define SET_DIO_IRQ_PARAMS   0X08
      | 
In file included from ../RA01/ra01.cpp:8:
C:/Users/josep/Projects/STM32Lora/STM32Lora/RA01/ra01.h:16: note: this is the location of the previous definition
   16 | #define SET_DIO_IRQ_PARAMS   0x08
      | 
../RA01/ra01.cpp:14: warning: "SET_RX" redefined
   14 | #define SET_RX      0X82
      | 
In file included from ../RA01/ra01.cpp:8:
C:/Users/josep/Projects/STM32Lora/STM32Lora/RA01/ra01.h:17: note: this is the location of the previous definition
   17 | #define SET_RX      0x82
      | 
../RA01/ra01.cpp: In member function 'int LoRaClass::begin(long int)':
../RA01/ra01.cpp:131:3: error: 'idle' was not declared in this scope
  131 |   idle();
      |   ^~~~
../RA01/ra01.cpp: In member function 'int LoRaClass::beginPacket(int)':
../RA01/ra01.cpp:163:3: error: 'idle' was not declared in this scope
  163 |   idle();
      |   ^~~~
../RA01/ra01.cpp: In member function 'int LoRaClass::endPacket(bool)':
../RA01/ra01.cpp:189:59: warning: suggest parentheses around comparison in operand of '&' [-Wparentheses]
  189 |     while (readRegister(REG_IRQ_FLAGS) & IRQ_TX_DONE_MASK == 0) {
      |                                                           ^
../RA01/ra01.cpp: In member function 'int LoRaClass::parsePacket(int)':
../RA01/ra01.cpp:246:5: error: 'idle' was not declared in this scope
  246 |     idle();
      |     ^~~~
../RA01/ra01.cpp: At global scope:
../RA01/ra01.cpp:411:6: error: no declaration matches 'void LoRaClass::idle()'
  411 | void LoRaClass::idle()
      |      ^~~~~~~~~
../RA01/ra01.cpp:411:6: note: no functions named 'void LoRaClass::idle()'
In file included from ../RA01/ra01.cpp:8:
C:/Users/josep/Projects/STM32Lora/STM32Lora/RA01/ra01.h:86:7: note: 'class LoRaClass' defined here
   86 | class LoRaClass {
      |       ^~~~~~~~~
../RA01/ra01.cpp: In member function 'void LoRaClass::setGain(uint8_t)':
../RA01/ra01.cpp:647:3: error: 'idle' was not declared in this scope
  647 |   idle();
      |   ^~~~
../RA01/ra01.cpp: In member function 'void LoRaClass::writeRegister(uint8_t, uint8_t)':
../RA01/ra01.cpp:750:13: warning: unused variable 'rxData' [-Wunused-variable]
  750 |     uint8_t rxData[5] = {0,0,0,0,0};
      |             ^~~~~~
../RA01/ra01.cpp: In member function 'void LoRaClass::writeCommand(uint8_t, uint8_t*, uint8_t)':
../RA01/ra01.cpp:768:13: warning: unused variable 'rxData' [-Wunused-variable]
  768 |     uint8_t rxData[5] = {0,0,0,0,0};
      |             ^~~~~~
make: *** [RA01/subdir.mk:19: RA01/ra01.o] Error 1
"make -j8 all" terminated with exit code 2. Build might be incomplete.
15:15:03 **** Incremental Build of configuration Debug for project STM32Lora ****
make -j8 all 
arm-none-eabi-g++ "../RA01/ra01.cpp" -mcpu=cortex-m4 -std=gnu++14 -g3 -DDEBUG -DUSE_HAL_DRIVER -DSTM32G431xx -c -I../Core/Inc -I../Drivers/STM32G4xx_HAL_Driver/Inc -I../Drivers/STM32G4xx_HAL_Driver/Inc/Legacy -I../Drivers/CMSIS/Device/ST/STM32G4xx/Include -I../Drivers/CMSIS/Include -I"C:/Users/josep/Projects/STM32Lora/STM32Lora/RA01" -O0 -ffunction-sections -fdata-sections -fno-exceptions -fno-rtti -fno-use-cxa-atexit -Wall -fstack-usage -MMD -MP -MF"RA01/ra01.d" -MT"RA01/ra01.o" --specs=nano.specs -mfpu=fpv4-sp-d16 -mfloat-abi=hard -mthumb -o "RA01/ra01.o"
arm-none-eabi-g++ "../Core/Src/main.c" -mcpu=cortex-m4 -std=gnu11 -g3 -DDEBUG -DUSE_HAL_DRIVER -DSTM32G431xx -c -I../Core/Inc -I../Drivers/STM32G4xx_HAL_Driver/Inc -I../Drivers/STM32G4xx_HAL_Driver/Inc/Legacy -I../Drivers/CMSIS/Device/ST/STM32G4xx/Include -I../Drivers/CMSIS/Include -I"C:/Users/josep/Projects/STM32Lora/STM32Lora/RA01" -O0 -ffunction-sections -fdata-sections -Wall -fstack-usage -MMD -MP -MF"Core/Src/main.d" -MT"Core/Src/main.o" --specs=nano.specs -mfpu=fpv4-sp-d16 -mfloat-abi=hard -mthumb -o "Core/Src/main.o"
cc1plus.exe: warning: command-line option '-std=gnu11' is valid for C/ObjC but not for C++
../RA01/ra01.cpp:13: warning: "SET_DIO_IRQ_PARAMS" redefined
   13 | #define SET_DIO_IRQ_PARAMS   0X08
      | 
In file included from ../RA01/ra01.cpp:8:
C:/Users/josep/Projects/STM32Lora/STM32Lora/RA01/ra01.h:16: note: this is the location of the previous definition
   16 | #define SET_DIO_IRQ_PARAMS   0x08
      | 
../RA01/ra01.cpp:14: warning: "SET_RX" redefined
   14 | #define SET_RX      0X82
      | 
In file included from ../RA01/ra01.cpp:8:
C:/Users/josep/Projects/STM32Lora/STM32Lora/RA01/ra01.h:17: note: this is the location of the previous definition
   17 | #define SET_RX      0x82
      | 
../RA01/ra01.cpp: In member function 'int LoRaClass::endPacket(bool)':
../RA01/ra01.cpp:189:59: warning: suggest parentheses around comparison in operand of '&' [-Wparentheses]
  189 |     while (readRegister(REG_IRQ_FLAGS) & IRQ_TX_DONE_MASK == 0) {
      |                                                           ^
../RA01/ra01.cpp: In member function 'void LoRaClass::writeRegister(uint8_t, uint8_t)':
../RA01/ra01.cpp:750:13: warning: unused variable 'rxData' [-Wunused-variable]
  750 |     uint8_t rxData[5] = {0,0,0,0,0};
      |             ^~~~~~
../RA01/ra01.cpp: In member function 'void LoRaClass::writeCommand(uint8_t, uint8_t*, uint8_t)':
../RA01/ra01.cpp:768:13: warning: unused variable 'rxData' [-Wunused-variable]
  768 |     uint8_t rxData[5] = {0,0,0,0,0};
      |             ^~~~~~
../Core/Src/main.c: In function 'uint8_t checkLoraRead()':
../Core/Src/main.c:63:7: warning: variable 'recieved' set but not used [-Wunused-but-set-variable]
   63 |  bool recieved = false;
      |       ^~~~~~~~
../Core/Src/main.c: In function 'int main()':
../Core/Src/main.c:173:11: warning: unused variable 'loraTransmission' [-Wunused-variable]
  173 |   uint8_t loraTransmission[32];
      |           ^~~~~~~~~~~~~~~~
../Core/Src/main.c:174:11: warning: unused variable 'loraTransmissionLen' [-Wunused-variable]
  174 |   uint8_t loraTransmissionLen = sprintf((char*)spiBuf, "Data:%02X ", (tx_count/15));
      |           ^~~~~~~~~~~~~~~~~~~
../Core/Src/main.c:136:11: warning: unused variable 'val' [-Wunused-variable]
  136 |   uint8_t val;
      |           ^~~
../Core/Src/main.c: In function 'uint8_t loraTransmit(uint8_t*, uint8_t)':
../Core/Src/main.c:87:9: warning: 'void* __builtin_memcpy(void*, const void*, unsigned int)' writing 35 bytes into a region of size 32 overflows the destination [-Wstringop-overflow=]
   87 |   strcpy((char*)uartBuf, "LoRa Transmit Already In Process\r\n");
      |   ~~~~~~^~~~~~~~~~~~~~~~~~~~~~~~~~~~~~~~~~~~~~~~~~~~~~~~~~~~~~~~
arm-none-eabi-g++ -o "STM32Lora.elf" @"objects.list"   -mcpu=cortex-m4 -T"C:\Users\josep\Projects\STM32Lora\STM32Lora\STM32G431KBTX_FLASH.ld" --specs=nosys.specs -Wl,-Map="STM32Lora.map" -Wl,--gc-sections -static --specs=nano.specs -mfpu=fpv4-sp-d16 -mfloat-abi=hard -mthumb -Wl,--start-group -lc -lm -lstdc++ -lsupc++ -Wl,--end-group
Finished building target: STM32Lora.elf
 
arm-none-eabi-size   STM32Lora.elf 
arm-none-eabi-objdump -h -S  STM32Lora.elf  > "STM32Lora.list"
   text	   data	    bss	    dec	    hex	filename
  24920	    124	   1912	  26956	   694c	STM32Lora.elf
Finished building: default.size.stdout
 
Finished building: STM32Lora.list
 
15:21:48 **** Incremental Build of configuration Debug for project STM32Lora ****
make -j8 all 
arm-none-eabi-g++ "../RA01/ra01.cpp" -mcpu=cortex-m4 -std=gnu++14 -g3 -DDEBUG -DUSE_HAL_DRIVER -DSTM32G431xx -c -I../Core/Inc -I../Drivers/STM32G4xx_HAL_Driver/Inc -I../Drivers/STM32G4xx_HAL_Driver/Inc/Legacy -I../Drivers/CMSIS/Device/ST/STM32G4xx/Include -I../Drivers/CMSIS/Include -I"C:/Users/josep/Projects/STM32Lora/STM32Lora/RA01" -O0 -ffunction-sections -fdata-sections -fno-exceptions -fno-rtti -fno-use-cxa-atexit -Wall -fstack-usage -MMD -MP -MF"RA01/ra01.d" -MT"RA01/ra01.o" --specs=nano.specs -mfpu=fpv4-sp-d16 -mfloat-abi=hard -mthumb -o "RA01/ra01.o"
arm-none-eabi-gcc "../Core/Src/gpio.c" -mcpu=cortex-m4 -std=gnu11 -g3 -DDEBUG -DUSE_HAL_DRIVER -DSTM32G431xx -c -I../Core/Inc -I../Drivers/STM32G4xx_HAL_Driver/Inc -I../Drivers/STM32G4xx_HAL_Driver/Inc/Legacy -I../Drivers/CMSIS/Device/ST/STM32G4xx/Include -I../Drivers/CMSIS/Include -I"C:/Users/josep/Projects/STM32Lora/STM32Lora/RA01" -O0 -ffunction-sections -fdata-sections -Wall -fstack-usage -MMD -MP -MF"Core/Src/gpio.d" -MT"Core/Src/gpio.o" --specs=nano.specs -mfpu=fpv4-sp-d16 -mfloat-abi=hard -mthumb -o "Core/Src/gpio.o"
arm-none-eabi-g++ "../Core/Src/main.c" -mcpu=cortex-m4 -std=gnu11 -g3 -DDEBUG -DUSE_HAL_DRIVER -DSTM32G431xx -c -I../Core/Inc -I../Drivers/STM32G4xx_HAL_Driver/Inc -I../Drivers/STM32G4xx_HAL_Driver/Inc/Legacy -I../Drivers/CMSIS/Device/ST/STM32G4xx/Include -I../Drivers/CMSIS/Include -I"C:/Users/josep/Projects/STM32Lora/STM32Lora/RA01" -O0 -ffunction-sections -fdata-sections -Wall -fstack-usage -MMD -MP -MF"Core/Src/main.d" -MT"Core/Src/main.o" --specs=nano.specs -mfpu=fpv4-sp-d16 -mfloat-abi=hard -mthumb -o "Core/Src/main.o"
arm-none-eabi-gcc "../Core/Src/spi.c" -mcpu=cortex-m4 -std=gnu11 -g3 -DDEBUG -DUSE_HAL_DRIVER -DSTM32G431xx -c -I../Core/Inc -I../Drivers/STM32G4xx_HAL_Driver/Inc -I../Drivers/STM32G4xx_HAL_Driver/Inc/Legacy -I../Drivers/CMSIS/Device/ST/STM32G4xx/Include -I../Drivers/CMSIS/Include -I"C:/Users/josep/Projects/STM32Lora/STM32Lora/RA01" -O0 -ffunction-sections -fdata-sections -Wall -fstack-usage -MMD -MP -MF"Core/Src/spi.d" -MT"Core/Src/spi.o" --specs=nano.specs -mfpu=fpv4-sp-d16 -mfloat-abi=hard -mthumb -o "Core/Src/spi.o"
arm-none-eabi-gcc "../Core/Src/stm32g4xx_hal_msp.c" -mcpu=cortex-m4 -std=gnu11 -g3 -DDEBUG -DUSE_HAL_DRIVER -DSTM32G431xx -c -I../Core/Inc -I../Drivers/STM32G4xx_HAL_Driver/Inc -I../Drivers/STM32G4xx_HAL_Driver/Inc/Legacy -I../Drivers/CMSIS/Device/ST/STM32G4xx/Include -I../Drivers/CMSIS/Include -I"C:/Users/josep/Projects/STM32Lora/STM32Lora/RA01" -O0 -ffunction-sections -fdata-sections -Wall -fstack-usage -MMD -MP -MF"Core/Src/stm32g4xx_hal_msp.d" -MT"Core/Src/stm32g4xx_hal_msp.o" --specs=nano.specs -mfpu=fpv4-sp-d16 -mfloat-abi=hard -mthumb -o "Core/Src/stm32g4xx_hal_msp.o"
arm-none-eabi-gcc "../Core/Src/stm32g4xx_it.c" -mcpu=cortex-m4 -std=gnu11 -g3 -DDEBUG -DUSE_HAL_DRIVER -DSTM32G431xx -c -I../Core/Inc -I../Drivers/STM32G4xx_HAL_Driver/Inc -I../Drivers/STM32G4xx_HAL_Driver/Inc/Legacy -I../Drivers/CMSIS/Device/ST/STM32G4xx/Include -I../Drivers/CMSIS/Include -I"C:/Users/josep/Projects/STM32Lora/STM32Lora/RA01" -O0 -ffunction-sections -fdata-sections -Wall -fstack-usage -MMD -MP -MF"Core/Src/stm32g4xx_it.d" -MT"Core/Src/stm32g4xx_it.o" --specs=nano.specs -mfpu=fpv4-sp-d16 -mfloat-abi=hard -mthumb -o "Core/Src/stm32g4xx_it.o"
arm-none-eabi-gcc "../Core/Src/usart.c" -mcpu=cortex-m4 -std=gnu11 -g3 -DDEBUG -DUSE_HAL_DRIVER -DSTM32G431xx -c -I../Core/Inc -I../Drivers/STM32G4xx_HAL_Driver/Inc -I../Drivers/STM32G4xx_HAL_Driver/Inc/Legacy -I../Drivers/CMSIS/Device/ST/STM32G4xx/Include -I../Drivers/CMSIS/Include -I"C:/Users/josep/Projects/STM32Lora/STM32Lora/RA01" -O0 -ffunction-sections -fdata-sections -Wall -fstack-usage -MMD -MP -MF"Core/Src/usart.d" -MT"Core/Src/usart.o" --specs=nano.specs -mfpu=fpv4-sp-d16 -mfloat-abi=hard -mthumb -o "Core/Src/usart.o"
cc1plus.exe: warning: command-line option '-std=gnu11' is valid for C/ObjC but not for C++
../RA01/ra01.cpp:13: warning: "SET_DIO_IRQ_PARAMS" redefined
   13 | #define SET_DIO_IRQ_PARAMS   0X08
      | 
In file included from ../RA01/ra01.cpp:8:
C:/Users/josep/Projects/STM32Lora/STM32Lora/RA01/ra01.h:16: note: this is the location of the previous definition
   16 | #define SET_DIO_IRQ_PARAMS   0x08
      | 
../RA01/ra01.cpp:14: warning: "SET_RX" redefined
   14 | #define SET_RX      0X82
      | 
In file included from ../RA01/ra01.cpp:8:
C:/Users/josep/Projects/STM32Lora/STM32Lora/RA01/ra01.h:17: note: this is the location of the previous definition
   17 | #define SET_RX      0x82
      | 
../RA01/ra01.cpp: In member function 'int LoRaClass::endPacket(bool)':
../RA01/ra01.cpp:189:59: warning: suggest parentheses around comparison in operand of '&' [-Wparentheses]
  189 |     while (readRegister(REG_IRQ_FLAGS) & IRQ_TX_DONE_MASK == 0) {
      |                                                           ^
../RA01/ra01.cpp: In member function 'void LoRaClass::writeRegister(uint8_t, uint8_t)':
../RA01/ra01.cpp:750:13: warning: unused variable 'rxData' [-Wunused-variable]
  750 |     uint8_t rxData[5] = {0,0,0,0,0};
      |             ^~~~~~
../RA01/ra01.cpp: In member function 'void LoRaClass::writeCommand(uint8_t, uint8_t*, uint8_t)':
../RA01/ra01.cpp:768:13: warning: unused variable 'rxData' [-Wunused-variable]
  768 |     uint8_t rxData[5] = {0,0,0,0,0};
      |             ^~~~~~
../Core/Src/main.c: In function 'uint8_t checkLoraRead()':
../Core/Src/main.c:61:23: error: 'LoRa' was not declared in this scope
   61 |  uint8_t packetSize = LoRa.parsePacket();
      |                       ^~~~
../Core/Src/main.c: In function 'uint8_t loraTransmit(uint8_t*, uint8_t)':
../Core/Src/main.c:84:19: error: 'LoRa' was not declared in this scope
   84 |  uint8_t result = LoRa.beginPacket();
      |                   ^~~~
../Core/Src/main.c: In function 'int main()':
../Core/Src/main.c:132:3: error: 'LoRa' was not declared in this scope
  132 |   LoRa.setSPI(&hspi1, RA01_CS_GPIO_Port, RA01_CS_Pin, RA01_BUSY_GPIO_Port, RA01_BUSY_Pin);
      |   ^~~~
../Core/Src/main.c:172:11: warning: unused variable 'loraTransmission' [-Wunused-variable]
  172 |   uint8_t loraTransmission[32];
      |           ^~~~~~~~~~~~~~~~
../Core/Src/main.c:173:11: warning: unused variable 'loraTransmissionLen' [-Wunused-variable]
  173 |   uint8_t loraTransmissionLen = sprintf((char*)spiBuf, "Data:%02X ", (tx_count/15));
      |           ^~~~~~~~~~~~~~~~~~~
../Core/Src/main.c:135:11: warning: unused variable 'val' [-Wunused-variable]
  135 |   uint8_t val;
      |           ^~~
make: *** [Core/Src/subdir.mk:45: Core/Src/main.o] Error 1
make: *** Waiting for unfinished jobs....
"make -j8 all" terminated with exit code 2. Build might be incomplete.
15:23:33 **** Incremental Build of configuration Debug for project STM32Lora ****
make -j8 all 
arm-none-eabi-g++ "../Core/Src/main.c" -mcpu=cortex-m4 -std=gnu11 -g3 -DDEBUG -DUSE_HAL_DRIVER -DSTM32G431xx -c -I../Core/Inc -I../Drivers/STM32G4xx_HAL_Driver/Inc -I../Drivers/STM32G4xx_HAL_Driver/Inc/Legacy -I../Drivers/CMSIS/Device/ST/STM32G4xx/Include -I../Drivers/CMSIS/Include -I"C:/Users/josep/Projects/STM32Lora/STM32Lora/RA01" -O0 -ffunction-sections -fdata-sections -Wall -fstack-usage -MMD -MP -MF"Core/Src/main.d" -MT"Core/Src/main.o" --specs=nano.specs -mfpu=fpv4-sp-d16 -mfloat-abi=hard -mthumb -o "Core/Src/main.o"
cc1plus.exe: warning: command-line option '-std=gnu11' is valid for C/ObjC but not for C++
../Core/Src/main.c: In function 'uint8_t checkLoraRead()':
../Core/Src/main.c:63:7: warning: variable 'recieved' set but not used [-Wunused-but-set-variable]
   63 |  bool recieved = false;
      |       ^~~~~~~~
../Core/Src/main.c: In function 'int main()':
../Core/Src/main.c:162:3: error: 'chckLoraRead' was not declared in this scope; did you mean 'checkLoraRead'?
  162 |   chckLoraRead();
      |   ^~~~~~~~~~~~
      |   checkLoraRead
../Core/Src/main.c:173:11: warning: unused variable 'loraTransmission' [-Wunused-variable]
  173 |   uint8_t loraTransmission[32];
      |           ^~~~~~~~~~~~~~~~
../Core/Src/main.c:174:11: warning: unused variable 'loraTransmissionLen' [-Wunused-variable]
  174 |   uint8_t loraTransmissionLen = sprintf((char*)spiBuf, "Data:%02X ", (tx_count/15));
      |           ^~~~~~~~~~~~~~~~~~~
../Core/Src/main.c:136:11: warning: unused variable 'val' [-Wunused-variable]
  136 |   uint8_t val;
      |           ^~~
make: *** [Core/Src/subdir.mk:45: Core/Src/main.o] Error 1
"make -j8 all" terminated with exit code 2. Build might be incomplete.
15:23:55 **** Incremental Build of configuration Debug for project STM32Lora ****
make -j8 all 
arm-none-eabi-g++ "../Core/Src/main.c" -mcpu=cortex-m4 -std=gnu11 -g3 -DDEBUG -DUSE_HAL_DRIVER -DSTM32G431xx -c -I../Core/Inc -I../Drivers/STM32G4xx_HAL_Driver/Inc -I../Drivers/STM32G4xx_HAL_Driver/Inc/Legacy -I../Drivers/CMSIS/Device/ST/STM32G4xx/Include -I../Drivers/CMSIS/Include -I"C:/Users/josep/Projects/STM32Lora/STM32Lora/RA01" -O0 -ffunction-sections -fdata-sections -Wall -fstack-usage -MMD -MP -MF"Core/Src/main.d" -MT"Core/Src/main.o" --specs=nano.specs -mfpu=fpv4-sp-d16 -mfloat-abi=hard -mthumb -o "Core/Src/main.o"
cc1plus.exe: warning: command-line option '-std=gnu11' is valid for C/ObjC but not for C++
../Core/Src/main.c: In function 'uint8_t checkLoraRead()':
../Core/Src/main.c:63:7: warning: variable 'recieved' set but not used [-Wunused-but-set-variable]
   63 |  bool recieved = false;
      |       ^~~~~~~~
../Core/Src/main.c: In function 'int main()':
../Core/Src/main.c:173:11: warning: unused variable 'loraTransmission' [-Wunused-variable]
  173 |   uint8_t loraTransmission[32];
      |           ^~~~~~~~~~~~~~~~
../Core/Src/main.c:174:11: warning: unused variable 'loraTransmissionLen' [-Wunused-variable]
  174 |   uint8_t loraTransmissionLen = sprintf((char*)spiBuf, "Data:%02X ", (tx_count/15));
      |           ^~~~~~~~~~~~~~~~~~~
../Core/Src/main.c:136:11: warning: unused variable 'val' [-Wunused-variable]
  136 |   uint8_t val;
      |           ^~~
../Core/Src/main.c: In function 'uint8_t loraTransmit(uint8_t*, uint8_t)':
../Core/Src/main.c:87:9: warning: 'void* __builtin_memcpy(void*, const void*, unsigned int)' writing 35 bytes into a region of size 32 overflows the destination [-Wstringop-overflow=]
   87 |   strcpy((char*)uartBuf, "LoRa Transmit Already In Process\r\n");
      |   ~~~~~~^~~~~~~~~~~~~~~~~~~~~~~~~~~~~~~~~~~~~~~~~~~~~~~~~~~~~~~~
arm-none-eabi-g++ -o "STM32Lora.elf" @"objects.list"   -mcpu=cortex-m4 -T"C:\Users\josep\Projects\STM32Lora\STM32Lora\STM32G431KBTX_FLASH.ld" --specs=nosys.specs -Wl,-Map="STM32Lora.map" -Wl,--gc-sections -static --specs=nano.specs -mfpu=fpv4-sp-d16 -mfloat-abi=hard -mthumb -Wl,--start-group -lc -lm -lstdc++ -lsupc++ -Wl,--end-group
Finished building target: STM32Lora.elf
 
arm-none-eabi-size   STM32Lora.elf 
arm-none-eabi-objdump -h -S  STM32Lora.elf  > "STM32Lora.list"
   text	   data	    bss	    dec	    hex	filename
  24944	    124	   1912	  26980	   6964	STM32Lora.elf
Finished building: default.size.stdout
 
Finished building: STM32Lora.list
 
16:01:32 **** Incremental Build of configuration Debug for project STM32Lora ****
make -j8 all 
arm-none-eabi-g++ "../RA01/ra01.cpp" -mcpu=cortex-m4 -std=gnu++14 -g3 -DDEBUG -DUSE_HAL_DRIVER -DSTM32G431xx -c -I../Core/Inc -I../Drivers/STM32G4xx_HAL_Driver/Inc -I../Drivers/STM32G4xx_HAL_Driver/Inc/Legacy -I../Drivers/CMSIS/Device/ST/STM32G4xx/Include -I../Drivers/CMSIS/Include -I"C:/Users/josep/Projects/STM32Lora/STM32Lora/RA01" -O0 -ffunction-sections -fdata-sections -fno-exceptions -fno-rtti -fno-use-cxa-atexit -Wall -fstack-usage -MMD -MP -MF"RA01/ra01.d" -MT"RA01/ra01.o" --specs=nano.specs -mfpu=fpv4-sp-d16 -mfloat-abi=hard -mthumb -o "RA01/ra01.o"
arm-none-eabi-g++ "../Core/Src/main.c" -mcpu=cortex-m4 -std=gnu11 -g3 -DDEBUG -DUSE_HAL_DRIVER -DSTM32G431xx -c -I../Core/Inc -I../Drivers/STM32G4xx_HAL_Driver/Inc -I../Drivers/STM32G4xx_HAL_Driver/Inc/Legacy -I../Drivers/CMSIS/Device/ST/STM32G4xx/Include -I../Drivers/CMSIS/Include -I"C:/Users/josep/Projects/STM32Lora/STM32Lora/RA01" -O0 -ffunction-sections -fdata-sections -Wall -fstack-usage -MMD -MP -MF"Core/Src/main.d" -MT"Core/Src/main.o" --specs=nano.specs -mfpu=fpv4-sp-d16 -mfloat-abi=hard -mthumb -o "Core/Src/main.o"
cc1plus.exe: warning: command-line option '-std=gnu11' is valid for C/ObjC but not for C++
../RA01/ra01.cpp: In member function 'int LoRaClass::endPacket(bool)':
../RA01/ra01.cpp:189:59: warning: suggest parentheses around comparison in operand of '&' [-Wparentheses]
  189 |     while (readRegister(REG_IRQ_FLAGS) & IRQ_TX_DONE_MASK == 0) {
      |                                                           ^
../RA01/ra01.cpp: In member function 'void LoRaClass::writeRegister(uint8_t, uint8_t)':
../RA01/ra01.cpp:736:13: warning: unused variable 'rxData' [-Wunused-variable]
  736 |     uint8_t rxData[5] = {0,0,0,0,0};
      |             ^~~~~~
../RA01/ra01.cpp: In member function 'void LoRaClass::writeCommand(uint8_t, uint8_t*, uint8_t)':
../RA01/ra01.cpp:754:13: warning: unused variable 'rxData' [-Wunused-variable]
  754 |     uint8_t rxData[5] = {0,0,0,0,0};
      |             ^~~~~~
../Core/Src/main.c: In function 'uint8_t checkLoraRead()':
../Core/Src/main.c:63:7: warning: variable 'recieved' set but not used [-Wunused-but-set-variable]
   63 |  bool recieved = false;
      |       ^~~~~~~~
../Core/Src/main.c: In function 'int main()':
../Core/Src/main.c:174:11: warning: unused variable 'loraTransmission' [-Wunused-variable]
  174 |   uint8_t loraTransmission[32];
      |           ^~~~~~~~~~~~~~~~
../Core/Src/main.c:175:11: warning: unused variable 'loraTransmissionLen' [-Wunused-variable]
  175 |   uint8_t loraTransmissionLen = sprintf((char*)spiBuf, "Data:%02X ", (tx_count/15));
      |           ^~~~~~~~~~~~~~~~~~~
../Core/Src/main.c:137:11: warning: unused variable 'val' [-Wunused-variable]
  137 |   uint8_t val;
      |           ^~~
../Core/Src/main.c: In function 'uint8_t loraTransmit(uint8_t*, uint8_t)':
../Core/Src/main.c:87:9: warning: 'void* __builtin_memcpy(void*, const void*, unsigned int)' writing 35 bytes into a region of size 32 overflows the destination [-Wstringop-overflow=]
   87 |   strcpy((char*)uartBuf, "LoRa Transmit Already In Process\r\n");
      |   ~~~~~~^~~~~~~~~~~~~~~~~~~~~~~~~~~~~~~~~~~~~~~~~~~~~~~~~~~~~~~~
arm-none-eabi-g++ -o "STM32Lora.elf" @"objects.list"   -mcpu=cortex-m4 -T"C:\Users\josep\Projects\STM32Lora\STM32Lora\STM32G431KBTX_FLASH.ld" --specs=nosys.specs -Wl,-Map="STM32Lora.map" -Wl,--gc-sections -static --specs=nano.specs -mfpu=fpv4-sp-d16 -mfloat-abi=hard -mthumb -Wl,--start-group -lc -lm -lstdc++ -lsupc++ -Wl,--end-group
c:\st\stm32cubeide_1.10.0\stm32cubeide\plugins\com.st.stm32cube.ide.mcu.externaltools.gnu-tools-for-stm32.10.3-2021.10.win32_1.0.100.202210260954\tools\arm-none-eabi\bin\ld.exe: ./Core/Src/main.o: in function `main':
C:/Users/josep/Projects/STM32Lora/STM32Lora/Debug/../Core/Src/main.c:134: undefined reference to `LoRaClass::setDIO(GPIO_TypeDef*, unsigned short)'
collect2.exe: error: ld returned 1 exit status
make: *** [makefile:80: STM32Lora.elf] Error 1
"make -j8 all" terminated with exit code 2. Build might be incomplete.
16:01:39 **** Incremental Build of configuration Debug for project STM32Lora ****
make -j8 all 
arm-none-eabi-g++ -o "STM32Lora.elf" @"objects.list"   -mcpu=cortex-m4 -T"C:\Users\josep\Projects\STM32Lora\STM32Lora\STM32G431KBTX_FLASH.ld" --specs=nosys.specs -Wl,-Map="STM32Lora.map" -Wl,--gc-sections -static --specs=nano.specs -mfpu=fpv4-sp-d16 -mfloat-abi=hard -mthumb -Wl,--start-group -lc -lm -lstdc++ -lsupc++ -Wl,--end-group
c:\st\stm32cubeide_1.10.0\stm32cubeide\plugins\com.st.stm32cube.ide.mcu.externaltools.gnu-tools-for-stm32.10.3-2021.10.win32_1.0.100.202210260954\tools\arm-none-eabi\bin\ld.exe: ./Core/Src/main.o: in function `main':
C:/Users/josep/Projects/STM32Lora/STM32Lora/Debug/../Core/Src/main.c:134: undefined reference to `LoRaClass::setDIO(GPIO_TypeDef*, unsigned short)'
collect2.exe: error: ld returned 1 exit status
make: *** [makefile:80: STM32Lora.elf] Error 1
"make -j8 all" terminated with exit code 2. Build might be incomplete.
16:02:30 **** Incremental Build of configuration Debug for project STM32Lora ****
make -j8 all 
arm-none-eabi-g++ "../RA01/ra01.cpp" -mcpu=cortex-m4 -std=gnu++14 -g3 -DDEBUG -DUSE_HAL_DRIVER -DSTM32G431xx -c -I../Core/Inc -I../Drivers/STM32G4xx_HAL_Driver/Inc -I../Drivers/STM32G4xx_HAL_Driver/Inc/Legacy -I../Drivers/CMSIS/Device/ST/STM32G4xx/Include -I../Drivers/CMSIS/Include -I"C:/Users/josep/Projects/STM32Lora/STM32Lora/RA01" -O0 -ffunction-sections -fdata-sections -fno-exceptions -fno-rtti -fno-use-cxa-atexit -Wall -fstack-usage -MMD -MP -MF"RA01/ra01.d" -MT"RA01/ra01.o" --specs=nano.specs -mfpu=fpv4-sp-d16 -mfloat-abi=hard -mthumb -o "RA01/ra01.o"
../RA01/ra01.cpp: In member function 'int LoRaClass::endPacket(bool)':
../RA01/ra01.cpp:189:59: warning: suggest parentheses around comparison in operand of '&' [-Wparentheses]
  189 |     while (readRegister(REG_IRQ_FLAGS) & IRQ_TX_DONE_MASK == 0) {
      |                                                           ^
../RA01/ra01.cpp: At global scope:
../RA01/ra01.cpp:664:1: error: expected unqualified-id before '{' token
  664 | {
      | ^
../RA01/ra01.cpp: In member function 'void LoRaClass::writeRegister(uint8_t, uint8_t)':
../RA01/ra01.cpp:743:13: warning: unused variable 'rxData' [-Wunused-variable]
  743 |     uint8_t rxData[5] = {0,0,0,0,0};
      |             ^~~~~~
../RA01/ra01.cpp: In member function 'void LoRaClass::writeCommand(uint8_t, uint8_t*, uint8_t)':
../RA01/ra01.cpp:761:13: warning: unused variable 'rxData' [-Wunused-variable]
  761 |     uint8_t rxData[5] = {0,0,0,0,0};
      |             ^~~~~~
make: *** [RA01/subdir.mk:19: RA01/ra01.o] Error 1
"make -j8 all" terminated with exit code 2. Build might be incomplete.
16:02:43 **** Incremental Build of configuration Debug for project STM32Lora ****
make -j8 all 
arm-none-eabi-g++ "../RA01/ra01.cpp" -mcpu=cortex-m4 -std=gnu++14 -g3 -DDEBUG -DUSE_HAL_DRIVER -DSTM32G431xx -c -I../Core/Inc -I../Drivers/STM32G4xx_HAL_Driver/Inc -I../Drivers/STM32G4xx_HAL_Driver/Inc/Legacy -I../Drivers/CMSIS/Device/ST/STM32G4xx/Include -I../Drivers/CMSIS/Include -I"C:/Users/josep/Projects/STM32Lora/STM32Lora/RA01" -O0 -ffunction-sections -fdata-sections -fno-exceptions -fno-rtti -fno-use-cxa-atexit -Wall -fstack-usage -MMD -MP -MF"RA01/ra01.d" -MT"RA01/ra01.o" --specs=nano.specs -mfpu=fpv4-sp-d16 -mfloat-abi=hard -mthumb -o "RA01/ra01.o"
../RA01/ra01.cpp: In member function 'int LoRaClass::endPacket(bool)':
../RA01/ra01.cpp:189:59: warning: suggest parentheses around comparison in operand of '&' [-Wparentheses]
  189 |     while (readRegister(REG_IRQ_FLAGS) & IRQ_TX_DONE_MASK == 0) {
      |                                                           ^
../RA01/ra01.cpp: In function 'void setDIO(GPIO_TypeDef*, uint16_t)':
../RA01/ra01.cpp:665:2: error: '_LORA_DIO0_GPIO_Port' was not declared in this scope; did you mean 'LORA_DIO0_GPIO_Port'?
  665 |  _LORA_DIO0_GPIO_Port = LORA_DIO0_GPIO_Port;
      |  ^~~~~~~~~~~~~~~~~~~~
      |  LORA_DIO0_GPIO_Port
../RA01/ra01.cpp:666:2: error: '_LORA_DIO0_Pin' was not declared in this scope; did you mean 'LORA_DIO0_Pin'?
  666 |  _LORA_DIO0_Pin = LORA_DIO0_Pin;
      |  ^~~~~~~~~~~~~~
      |  LORA_DIO0_Pin
../RA01/ra01.cpp: In member function 'void LoRaClass::writeRegister(uint8_t, uint8_t)':
../RA01/ra01.cpp:743:13: warning: unused variable 'rxData' [-Wunused-variable]
  743 |     uint8_t rxData[5] = {0,0,0,0,0};
      |             ^~~~~~
../RA01/ra01.cpp: In member function 'void LoRaClass::writeCommand(uint8_t, uint8_t*, uint8_t)':
../RA01/ra01.cpp:761:13: warning: unused variable 'rxData' [-Wunused-variable]
  761 |     uint8_t rxData[5] = {0,0,0,0,0};
      |             ^~~~~~
make: *** [RA01/subdir.mk:19: RA01/ra01.o] Error 1
"make -j8 all" terminated with exit code 2. Build might be incomplete.
16:04:19 **** Incremental Build of configuration Debug for project STM32Lora ****
make -j8 all 
arm-none-eabi-g++ "../RA01/ra01.cpp" -mcpu=cortex-m4 -std=gnu++14 -g3 -DDEBUG -DUSE_HAL_DRIVER -DSTM32G431xx -c -I../Core/Inc -I../Drivers/STM32G4xx_HAL_Driver/Inc -I../Drivers/STM32G4xx_HAL_Driver/Inc/Legacy -I../Drivers/CMSIS/Device/ST/STM32G4xx/Include -I../Drivers/CMSIS/Include -I"C:/Users/josep/Projects/STM32Lora/STM32Lora/RA01" -O0 -ffunction-sections -fdata-sections -fno-exceptions -fno-rtti -fno-use-cxa-atexit -Wall -fstack-usage -MMD -MP -MF"RA01/ra01.d" -MT"RA01/ra01.o" --specs=nano.specs -mfpu=fpv4-sp-d16 -mfloat-abi=hard -mthumb -o "RA01/ra01.o"
arm-none-eabi-g++ "../Core/Src/main.c" -mcpu=cortex-m4 -std=gnu11 -g3 -DDEBUG -DUSE_HAL_DRIVER -DSTM32G431xx -c -I../Core/Inc -I../Drivers/STM32G4xx_HAL_Driver/Inc -I../Drivers/STM32G4xx_HAL_Driver/Inc/Legacy -I../Drivers/CMSIS/Device/ST/STM32G4xx/Include -I../Drivers/CMSIS/Include -I"C:/Users/josep/Projects/STM32Lora/STM32Lora/RA01" -O0 -ffunction-sections -fdata-sections -Wall -fstack-usage -MMD -MP -MF"Core/Src/main.d" -MT"Core/Src/main.o" --specs=nano.specs -mfpu=fpv4-sp-d16 -mfloat-abi=hard -mthumb -o "Core/Src/main.o"
cc1plus.exe: warning: command-line option '-std=gnu11' is valid for C/ObjC but not for C++
../RA01/ra01.cpp: In member function 'int LoRaClass::endPacket(bool)':
../RA01/ra01.cpp:189:59: warning: suggest parentheses around comparison in operand of '&' [-Wparentheses]
  189 |     while (readRegister(REG_IRQ_FLAGS) & IRQ_TX_DONE_MASK == 0) {
      |                                                           ^
../RA01/ra01.cpp: In function 'void setDIO(GPIO_TypeDef*, uint16_t)':
../RA01/ra01.cpp:665:2: error: '_LORA_DIO0_GPIO_Port' was not declared in this scope; did you mean 'LORA_DIO0_GPIO_Port'?
  665 |  _LORA_DIO0_GPIO_Port = LORA_DIO0_GPIO_Port;
      |  ^~~~~~~~~~~~~~~~~~~~
      |  LORA_DIO0_GPIO_Port
../RA01/ra01.cpp:666:2: error: '_LORA_DIO0_Pin' was not declared in this scope; did you mean 'LORA_DIO0_Pin'?
  666 |  _LORA_DIO0_Pin = LORA_DIO0_Pin;
      |  ^~~~~~~~~~~~~~
      |  LORA_DIO0_Pin
../RA01/ra01.cpp: In member function 'void LoRaClass::writeRegister(uint8_t, uint8_t)':
../RA01/ra01.cpp:743:13: warning: unused variable 'rxData' [-Wunused-variable]
  743 |     uint8_t rxData[5] = {0,0,0,0,0};
      |             ^~~~~~
../RA01/ra01.cpp: In member function 'void LoRaClass::writeCommand(uint8_t, uint8_t*, uint8_t)':
../RA01/ra01.cpp:761:13: warning: unused variable 'rxData' [-Wunused-variable]
  761 |     uint8_t rxData[5] = {0,0,0,0,0};
      |             ^~~~~~
../Core/Src/main.c: In function 'uint8_t checkLoraRead()':
../Core/Src/main.c:63:7: warning: variable 'recieved' set but not used [-Wunused-but-set-variable]
   63 |  bool recieved = false;
      |       ^~~~~~~~
make: *** [RA01/subdir.mk:19: RA01/ra01.o] Error 1
make: *** Waiting for unfinished jobs....
../Core/Src/main.c: In function 'int main()':
../Core/Src/main.c:174:11: warning: unused variable 'loraTransmission' [-Wunused-variable]
  174 |   uint8_t loraTransmission[32];
      |           ^~~~~~~~~~~~~~~~
../Core/Src/main.c:175:11: warning: unused variable 'loraTransmissionLen' [-Wunused-variable]
  175 |   uint8_t loraTransmissionLen = sprintf((char*)spiBuf, "Data:%02X ", (tx_count/15));
      |           ^~~~~~~~~~~~~~~~~~~
../Core/Src/main.c:137:11: warning: unused variable 'val' [-Wunused-variable]
  137 |   uint8_t val;
      |           ^~~
../Core/Src/main.c: In function 'uint8_t loraTransmit(uint8_t*, uint8_t)':
../Core/Src/main.c:87:9: warning: 'void* __builtin_memcpy(void*, const void*, unsigned int)' writing 35 bytes into a region of size 32 overflows the destination [-Wstringop-overflow=]
   87 |   strcpy((char*)uartBuf, "LoRa Transmit Already In Process\r\n");
      |   ~~~~~~^~~~~~~~~~~~~~~~~~~~~~~~~~~~~~~~~~~~~~~~~~~~~~~~~~~~~~~~
"make -j8 all" terminated with exit code 2. Build might be incomplete.
16:06:43 **** Incremental Build of configuration Debug for project STM32Lora ****
make -j8 all 
arm-none-eabi-g++ "../RA01/ra01.cpp" -mcpu=cortex-m4 -std=gnu++14 -g3 -DDEBUG -DUSE_HAL_DRIVER -DSTM32G431xx -c -I../Core/Inc -I../Drivers/STM32G4xx_HAL_Driver/Inc -I../Drivers/STM32G4xx_HAL_Driver/Inc/Legacy -I../Drivers/CMSIS/Device/ST/STM32G4xx/Include -I../Drivers/CMSIS/Include -I"C:/Users/josep/Projects/STM32Lora/STM32Lora/RA01" -O0 -ffunction-sections -fdata-sections -fno-exceptions -fno-rtti -fno-use-cxa-atexit -Wall -fstack-usage -MMD -MP -MF"RA01/ra01.d" -MT"RA01/ra01.o" --specs=nano.specs -mfpu=fpv4-sp-d16 -mfloat-abi=hard -mthumb -o "RA01/ra01.o"
../RA01/ra01.cpp: In member function 'int LoRaClass::endPacket(bool)':
../RA01/ra01.cpp:191:59: warning: suggest parentheses around comparison in operand of '&' [-Wparentheses]
  191 |     while (readRegister(REG_IRQ_FLAGS) & IRQ_TX_DONE_MASK == 0) {
      |                                                           ^
../RA01/ra01.cpp: In function 'void setDIO(GPIO_TypeDef*, uint16_t)':
../RA01/ra01.cpp:667:2: error: '_LORA_DIO0_GPIO_Port' was not declared in this scope; did you mean 'LORA_DIO0_GPIO_Port'?
  667 |  _LORA_DIO0_GPIO_Port = LORA_DIO0_GPIO_Port;
      |  ^~~~~~~~~~~~~~~~~~~~
      |  LORA_DIO0_GPIO_Port
../RA01/ra01.cpp:668:2: error: '_LORA_DIO0_Pin' was not declared in this scope; did you mean 'LORA_DIO0_Pin'?
  668 |  _LORA_DIO0_Pin = LORA_DIO0_Pin;
      |  ^~~~~~~~~~~~~~
      |  LORA_DIO0_Pin
../RA01/ra01.cpp: In member function 'void LoRaClass::writeRegister(uint8_t, uint8_t)':
../RA01/ra01.cpp:745:13: warning: unused variable 'rxData' [-Wunused-variable]
  745 |     uint8_t rxData[5] = {0,0,0,0,0};
      |             ^~~~~~
../RA01/ra01.cpp: In member function 'void LoRaClass::writeCommand(uint8_t, uint8_t*, uint8_t)':
../RA01/ra01.cpp:763:13: warning: unused variable 'rxData' [-Wunused-variable]
  763 |     uint8_t rxData[5] = {0,0,0,0,0};
      |             ^~~~~~
make: *** [RA01/subdir.mk:19: RA01/ra01.o] Error 1
"make -j8 all" terminated with exit code 2. Build might be incomplete.
16:08:24 **** Incremental Build of configuration Debug for project STM32Lora ****
make -j8 all 
arm-none-eabi-g++ "../RA01/ra01.cpp" -mcpu=cortex-m4 -std=gnu++14 -g3 -DDEBUG -DUSE_HAL_DRIVER -DSTM32G431xx -c -I../Core/Inc -I../Drivers/STM32G4xx_HAL_Driver/Inc -I../Drivers/STM32G4xx_HAL_Driver/Inc/Legacy -I../Drivers/CMSIS/Device/ST/STM32G4xx/Include -I../Drivers/CMSIS/Include -I"C:/Users/josep/Projects/STM32Lora/STM32Lora/RA01" -O0 -ffunction-sections -fdata-sections -fno-exceptions -fno-rtti -fno-use-cxa-atexit -Wall -fstack-usage -MMD -MP -MF"RA01/ra01.d" -MT"RA01/ra01.o" --specs=nano.specs -mfpu=fpv4-sp-d16 -mfloat-abi=hard -mthumb -o "RA01/ra01.o"
arm-none-eabi-g++ "../Core/Src/main.c" -mcpu=cortex-m4 -std=gnu11 -g3 -DDEBUG -DUSE_HAL_DRIVER -DSTM32G431xx -c -I../Core/Inc -I../Drivers/STM32G4xx_HAL_Driver/Inc -I../Drivers/STM32G4xx_HAL_Driver/Inc/Legacy -I../Drivers/CMSIS/Device/ST/STM32G4xx/Include -I../Drivers/CMSIS/Include -I"C:/Users/josep/Projects/STM32Lora/STM32Lora/RA01" -O0 -ffunction-sections -fdata-sections -Wall -fstack-usage -MMD -MP -MF"Core/Src/main.d" -MT"Core/Src/main.o" --specs=nano.specs -mfpu=fpv4-sp-d16 -mfloat-abi=hard -mthumb -o "Core/Src/main.o"
cc1plus.exe: warning: command-line option '-std=gnu11' is valid for C/ObjC but not for C++
../RA01/ra01.cpp: In member function 'int LoRaClass::endPacket(bool)':
../RA01/ra01.cpp:191:59: warning: suggest parentheses around comparison in operand of '&' [-Wparentheses]
  191 |     while (readRegister(REG_IRQ_FLAGS) & IRQ_TX_DONE_MASK == 0) {
      |                                                           ^
../RA01/ra01.cpp: In member function 'void LoRaClass::writeRegister(uint8_t, uint8_t)':
../RA01/ra01.cpp:745:13: warning: unused variable 'rxData' [-Wunused-variable]
  745 |     uint8_t rxData[5] = {0,0,0,0,0};
      |             ^~~~~~
../RA01/ra01.cpp: In member function 'void LoRaClass::writeCommand(uint8_t, uint8_t*, uint8_t)':
../RA01/ra01.cpp:763:13: warning: unused variable 'rxData' [-Wunused-variable]
  763 |     uint8_t rxData[5] = {0,0,0,0,0};
      |             ^~~~~~
../Core/Src/main.c: In function 'uint8_t checkLoraRead()':
../Core/Src/main.c:63:7: warning: variable 'recieved' set but not used [-Wunused-but-set-variable]
   63 |  bool recieved = false;
      |       ^~~~~~~~
../Core/Src/main.c: In function 'int main()':
../Core/Src/main.c:174:11: warning: unused variable 'loraTransmission' [-Wunused-variable]
  174 |   uint8_t loraTransmission[32];
      |           ^~~~~~~~~~~~~~~~
../Core/Src/main.c:175:11: warning: unused variable 'loraTransmissionLen' [-Wunused-variable]
  175 |   uint8_t loraTransmissionLen = sprintf((char*)spiBuf, "Data:%02X ", (tx_count/15));
      |           ^~~~~~~~~~~~~~~~~~~
../Core/Src/main.c:137:11: warning: unused variable 'val' [-Wunused-variable]
  137 |   uint8_t val;
      |           ^~~
../Core/Src/main.c: In function 'uint8_t loraTransmit(uint8_t*, uint8_t)':
../Core/Src/main.c:87:9: warning: 'void* __builtin_memcpy(void*, const void*, unsigned int)' writing 35 bytes into a region of size 32 overflows the destination [-Wstringop-overflow=]
   87 |   strcpy((char*)uartBuf, "LoRa Transmit Already In Process\r\n");
      |   ~~~~~~^~~~~~~~~~~~~~~~~~~~~~~~~~~~~~~~~~~~~~~~~~~~~~~~~~~~~~~~
arm-none-eabi-g++ -o "STM32Lora.elf" @"objects.list"   -mcpu=cortex-m4 -T"C:\Users\josep\Projects\STM32Lora\STM32Lora\STM32G431KBTX_FLASH.ld" --specs=nosys.specs -Wl,-Map="STM32Lora.map" -Wl,--gc-sections -static --specs=nano.specs -mfpu=fpv4-sp-d16 -mfloat-abi=hard -mthumb -Wl,--start-group -lc -lm -lstdc++ -lsupc++ -Wl,--end-group
Finished building target: STM32Lora.elf
 
arm-none-eabi-size   STM32Lora.elf 
arm-none-eabi-objdump -h -S  STM32Lora.elf  > "STM32Lora.list"
   text	   data	    bss	    dec	    hex	filename
  24704	    124	   1920	  26748	   687c	STM32Lora.elf
Finished building: default.size.stdout
 
Finished building: STM32Lora.list
 
16:14:49 **** Incremental Build of configuration Debug for project STM32Lora ****
make -j8 all 
arm-none-eabi-size   STM32Lora.elf 
   text	   data	    bss	    dec	    hex	filename
  24704	    124	   1920	  26748	   687c	STM32Lora.elf
Finished building: default.size.stdout
 
16:16:01 **** Incremental Build of configuration Debug for project STM32Lora ****
make -j8 all 
arm-none-eabi-g++ "../Core/Src/main.c" -mcpu=cortex-m4 -std=gnu11 -g3 -DDEBUG -DUSE_HAL_DRIVER -DSTM32G431xx -c -I../Core/Inc -I../Drivers/STM32G4xx_HAL_Driver/Inc -I../Drivers/STM32G4xx_HAL_Driver/Inc/Legacy -I../Drivers/CMSIS/Device/ST/STM32G4xx/Include -I../Drivers/CMSIS/Include -I"C:/Users/josep/Projects/STM32Lora/STM32Lora/RA01" -O0 -ffunction-sections -fdata-sections -Wall -fstack-usage -MMD -MP -MF"Core/Src/main.d" -MT"Core/Src/main.o" --specs=nano.specs -mfpu=fpv4-sp-d16 -mfloat-abi=hard -mthumb -o "Core/Src/main.o"
cc1plus.exe: warning: command-line option '-std=gnu11' is valid for C/ObjC but not for C++
../Core/Src/main.c: In function 'uint8_t checkLoraRead()':
../Core/Src/main.c:63:7: warning: variable 'recieved' set but not used [-Wunused-but-set-variable]
   63 |  bool recieved = false;
      |       ^~~~~~~~
../Core/Src/main.c: In function 'int main()':
../Core/Src/main.c:174:11: warning: unused variable 'loraTransmission' [-Wunused-variable]
  174 |   uint8_t loraTransmission[32];
      |           ^~~~~~~~~~~~~~~~
../Core/Src/main.c:175:11: warning: unused variable 'loraTransmissionLen' [-Wunused-variable]
  175 |   uint8_t loraTransmissionLen = sprintf((char*)spiBuf, "Data:%02X ", (tx_count/15));
      |           ^~~~~~~~~~~~~~~~~~~
../Core/Src/main.c:137:11: warning: unused variable 'val' [-Wunused-variable]
  137 |   uint8_t val;
      |           ^~~
../Core/Src/main.c: In function 'uint8_t loraTransmit(uint8_t*, uint8_t)':
../Core/Src/main.c:87:9: warning: 'void* __builtin_memcpy(void*, const void*, unsigned int)' writing 35 bytes into a region of size 32 overflows the destination [-Wstringop-overflow=]
   87 |   strcpy((char*)uartBuf, "LoRa Transmit Already In Process\r\n");
      |   ~~~~~~^~~~~~~~~~~~~~~~~~~~~~~~~~~~~~~~~~~~~~~~~~~~~~~~~~~~~~~~
arm-none-eabi-g++ -o "STM32Lora.elf" @"objects.list"   -mcpu=cortex-m4 -T"C:\Users\josep\Projects\STM32Lora\STM32Lora\STM32G431KBTX_FLASH.ld" --specs=nosys.specs -Wl,-Map="STM32Lora.map" -Wl,--gc-sections -static --specs=nano.specs -mfpu=fpv4-sp-d16 -mfloat-abi=hard -mthumb -Wl,--start-group -lc -lm -lstdc++ -lsupc++ -Wl,--end-group
Finished building target: STM32Lora.elf
 
arm-none-eabi-size   STM32Lora.elf 
arm-none-eabi-objdump -h -S  STM32Lora.elf  > "STM32Lora.list"
   text	   data	    bss	    dec	    hex	filename
  24672	    124	   1920	  26716	   685c	STM32Lora.elf
Finished building: default.size.stdout
 
Finished building: STM32Lora.list
 
16:16:29 **** Incremental Build of configuration Debug for project STM32Lora ****
make -j8 all 
arm-none-eabi-size   STM32Lora.elf 
   text	   data	    bss	    dec	    hex	filename
  24672	    124	   1920	  26716	   685c	STM32Lora.elf
Finished building: default.size.stdout
 
16:19:12 **** Incremental Build of configuration Debug for project STM32Lora ****
make -j8 all 
arm-none-eabi-g++ "../RA01/ra01.cpp" -mcpu=cortex-m4 -std=gnu++14 -g3 -DDEBUG -DUSE_HAL_DRIVER -DSTM32G431xx -c -I../Core/Inc -I../Drivers/STM32G4xx_HAL_Driver/Inc -I../Drivers/STM32G4xx_HAL_Driver/Inc/Legacy -I../Drivers/CMSIS/Device/ST/STM32G4xx/Include -I../Drivers/CMSIS/Include -I"C:/Users/josep/Projects/STM32Lora/STM32Lora/RA01" -O0 -ffunction-sections -fdata-sections -fno-exceptions -fno-rtti -fno-use-cxa-atexit -Wall -fstack-usage -MMD -MP -MF"RA01/ra01.d" -MT"RA01/ra01.o" --specs=nano.specs -mfpu=fpv4-sp-d16 -mfloat-abi=hard -mthumb -o "RA01/ra01.o"
arm-none-eabi-g++ "../Core/Src/main.c" -mcpu=cortex-m4 -std=gnu11 -g3 -DDEBUG -DUSE_HAL_DRIVER -DSTM32G431xx -c -I../Core/Inc -I../Drivers/STM32G4xx_HAL_Driver/Inc -I../Drivers/STM32G4xx_HAL_Driver/Inc/Legacy -I../Drivers/CMSIS/Device/ST/STM32G4xx/Include -I../Drivers/CMSIS/Include -I"C:/Users/josep/Projects/STM32Lora/STM32Lora/RA01" -O0 -ffunction-sections -fdata-sections -Wall -fstack-usage -MMD -MP -MF"Core/Src/main.d" -MT"Core/Src/main.o" --specs=nano.specs -mfpu=fpv4-sp-d16 -mfloat-abi=hard -mthumb -o "Core/Src/main.o"
cc1plus.exe: warning: command-line option '-std=gnu11' is valid for C/ObjC but not for C++
../RA01/ra01.cpp: In member function 'int LoRaClass::endPacket(bool)':
../RA01/ra01.cpp:191:59: warning: suggest parentheses around comparison in operand of '&' [-Wparentheses]
  191 |     while (readRegister(REG_IRQ_FLAGS) & IRQ_TX_DONE_MASK == 0) {
      |                                                           ^
../RA01/ra01.cpp: In member function 'void LoRaClass::writeRegister(uint8_t, uint8_t)':
../RA01/ra01.cpp:746:13: warning: unused variable 'rxData' [-Wunused-variable]
  746 |     uint8_t rxData[5] = {0,0,0,0,0};
      |             ^~~~~~
../RA01/ra01.cpp: In member function 'void LoRaClass::writeCommand(uint8_t, uint8_t*, uint8_t)':
../RA01/ra01.cpp:764:13: warning: unused variable 'rxData' [-Wunused-variable]
  764 |     uint8_t rxData[5] = {0,0,0,0,0};
      |             ^~~~~~
../Core/Src/main.c: In function 'uint8_t checkLoraRead()':
../Core/Src/main.c:63:7: warning: variable 'recieved' set but not used [-Wunused-but-set-variable]
   63 |  bool recieved = false;
      |       ^~~~~~~~
../Core/Src/main.c: In function 'int main()':
../Core/Src/main.c:174:11: warning: unused variable 'loraTransmission' [-Wunused-variable]
  174 |   uint8_t loraTransmission[32];
      |           ^~~~~~~~~~~~~~~~
../Core/Src/main.c:175:11: warning: unused variable 'loraTransmissionLen' [-Wunused-variable]
  175 |   uint8_t loraTransmissionLen = sprintf((char*)spiBuf, "Data:%02X ", (tx_count/15));
      |           ^~~~~~~~~~~~~~~~~~~
../Core/Src/main.c:137:11: warning: unused variable 'val' [-Wunused-variable]
  137 |   uint8_t val;
      |           ^~~
../Core/Src/main.c: In function 'uint8_t loraTransmit(uint8_t*, uint8_t)':
../Core/Src/main.c:87:9: warning: 'void* __builtin_memcpy(void*, const void*, unsigned int)' writing 35 bytes into a region of size 32 overflows the destination [-Wstringop-overflow=]
   87 |   strcpy((char*)uartBuf, "LoRa Transmit Already In Process\r\n");
      |   ~~~~~~^~~~~~~~~~~~~~~~~~~~~~~~~~~~~~~~~~~~~~~~~~~~~~~~~~~~~~~~
arm-none-eabi-g++ -o "STM32Lora.elf" @"objects.list"   -mcpu=cortex-m4 -T"C:\Users\josep\Projects\STM32Lora\STM32Lora\STM32G431KBTX_FLASH.ld" --specs=nosys.specs -Wl,-Map="STM32Lora.map" -Wl,--gc-sections -static --specs=nano.specs -mfpu=fpv4-sp-d16 -mfloat-abi=hard -mthumb -Wl,--start-group -lc -lm -lstdc++ -lsupc++ -Wl,--end-group
Finished building target: STM32Lora.elf
 
arm-none-eabi-size   STM32Lora.elf 
arm-none-eabi-objdump -h -S  STM32Lora.elf  > "STM32Lora.list"
   text	   data	    bss	    dec	    hex	filename
  24632	    124	   1920	  26676	   6834	STM32Lora.elf
Finished building: default.size.stdout
 
Finished building: STM32Lora.list
 
16:35:54 **** Incremental Build of configuration Debug for project STM32Lora ****
make -j8 all 
arm-none-eabi-g++ "../Core/Src/main.c" -mcpu=cortex-m4 -std=gnu11 -g3 -DDEBUG -DUSE_HAL_DRIVER -DSTM32G431xx -c -I../Core/Inc -I../Drivers/STM32G4xx_HAL_Driver/Inc -I../Drivers/STM32G4xx_HAL_Driver/Inc/Legacy -I../Drivers/CMSIS/Device/ST/STM32G4xx/Include -I../Drivers/CMSIS/Include -I"C:/Users/josep/Projects/STM32Lora/STM32Lora/RA01" -O0 -ffunction-sections -fdata-sections -Wall -fstack-usage -MMD -MP -MF"Core/Src/main.d" -MT"Core/Src/main.o" --specs=nano.specs -mfpu=fpv4-sp-d16 -mfloat-abi=hard -mthumb -o "Core/Src/main.o"
cc1plus.exe: warning: command-line option '-std=gnu11' is valid for C/ObjC but not for C++
../Core/Src/main.c: In function 'uint8_t checkLoraRead()':
../Core/Src/main.c:63:7: warning: variable 'recieved' set but not used [-Wunused-but-set-variable]
   63 |  bool recieved = false;
      |       ^~~~~~~~
../Core/Src/main.c: In function 'int main()':
../Core/Src/main.c:174:11: warning: unused variable 'loraTransmission' [-Wunused-variable]
  174 |   uint8_t loraTransmission[32];
      |           ^~~~~~~~~~~~~~~~
../Core/Src/main.c:175:11: warning: unused variable 'loraTransmissionLen' [-Wunused-variable]
  175 |   uint8_t loraTransmissionLen = sprintf((char*)spiBuf, "Data:%02X ", (tx_count/15));
      |           ^~~~~~~~~~~~~~~~~~~
../Core/Src/main.c:137:11: warning: unused variable 'val' [-Wunused-variable]
  137 |   uint8_t val;
      |           ^~~
../Core/Src/main.c: In function 'uint8_t loraTransmit(uint8_t*, uint8_t)':
../Core/Src/main.c:87:9: warning: 'void* __builtin_memcpy(void*, const void*, unsigned int)' writing 35 bytes into a region of size 32 overflows the destination [-Wstringop-overflow=]
   87 |   strcpy((char*)uartBuf, "LoRa Transmit Already In Process\r\n");
      |   ~~~~~~^~~~~~~~~~~~~~~~~~~~~~~~~~~~~~~~~~~~~~~~~~~~~~~~~~~~~~~~
arm-none-eabi-g++ -o "STM32Lora.elf" @"objects.list"   -mcpu=cortex-m4 -T"C:\Users\josep\Projects\STM32Lora\STM32Lora\STM32G431KBTX_FLASH.ld" --specs=nosys.specs -Wl,-Map="STM32Lora.map" -Wl,--gc-sections -static --specs=nano.specs -mfpu=fpv4-sp-d16 -mfloat-abi=hard -mthumb -Wl,--start-group -lc -lm -lstdc++ -lsupc++ -Wl,--end-group
Finished building target: STM32Lora.elf
 
arm-none-eabi-size   STM32Lora.elf 
arm-none-eabi-objdump -h -S  STM32Lora.elf  > "STM32Lora.list"
   text	   data	    bss	    dec	    hex	filename
  24604	    124	   1920	  26648	   6818	STM32Lora.elf
Finished building: default.size.stdout
 
Finished building: STM32Lora.list
 
16:39:14 **** Incremental Build of configuration Debug for project STM32Lora ****
make -j8 all 
arm-none-eabi-size   STM32Lora.elf 
   text	   data	    bss	    dec	    hex	filename
  24604	    124	   1920	  26648	   6818	STM32Lora.elf
Finished building: default.size.stdout
 
16:44:32 **** Incremental Build of configuration Debug for project STM32Lora ****
make -j8 all 
arm-none-eabi-g++ "../RA01/ra01.cpp" -mcpu=cortex-m4 -std=gnu++14 -g3 -DDEBUG -DUSE_HAL_DRIVER -DSTM32G431xx -c -I../Core/Inc -I../Drivers/STM32G4xx_HAL_Driver/Inc -I../Drivers/STM32G4xx_HAL_Driver/Inc/Legacy -I../Drivers/CMSIS/Device/ST/STM32G4xx/Include -I../Drivers/CMSIS/Include -I"C:/Users/josep/Projects/STM32Lora/STM32Lora/RA01" -O0 -ffunction-sections -fdata-sections -fno-exceptions -fno-rtti -fno-use-cxa-atexit -Wall -fstack-usage -MMD -MP -MF"RA01/ra01.d" -MT"RA01/ra01.o" --specs=nano.specs -mfpu=fpv4-sp-d16 -mfloat-abi=hard -mthumb -o "RA01/ra01.o"
arm-none-eabi-gcc "../Core/Src/gpio.c" -mcpu=cortex-m4 -std=gnu11 -g3 -DDEBUG -DUSE_HAL_DRIVER -DSTM32G431xx -c -I../Core/Inc -I../Drivers/STM32G4xx_HAL_Driver/Inc -I../Drivers/STM32G4xx_HAL_Driver/Inc/Legacy -I../Drivers/CMSIS/Device/ST/STM32G4xx/Include -I../Drivers/CMSIS/Include -I"C:/Users/josep/Projects/STM32Lora/STM32Lora/RA01" -O0 -ffunction-sections -fdata-sections -Wall -fstack-usage -MMD -MP -MF"Core/Src/gpio.d" -MT"Core/Src/gpio.o" --specs=nano.specs -mfpu=fpv4-sp-d16 -mfloat-abi=hard -mthumb -o "Core/Src/gpio.o"
arm-none-eabi-g++ "../Core/Src/main.c" -mcpu=cortex-m4 -std=gnu11 -g3 -DDEBUG -DUSE_HAL_DRIVER -DSTM32G431xx -c -I../Core/Inc -I../Drivers/STM32G4xx_HAL_Driver/Inc -I../Drivers/STM32G4xx_HAL_Driver/Inc/Legacy -I../Drivers/CMSIS/Device/ST/STM32G4xx/Include -I../Drivers/CMSIS/Include -I"C:/Users/josep/Projects/STM32Lora/STM32Lora/RA01" -O0 -ffunction-sections -fdata-sections -Wall -fstack-usage -MMD -MP -MF"Core/Src/main.d" -MT"Core/Src/main.o" --specs=nano.specs -mfpu=fpv4-sp-d16 -mfloat-abi=hard -mthumb -o "Core/Src/main.o"
arm-none-eabi-gcc "../Core/Src/spi.c" -mcpu=cortex-m4 -std=gnu11 -g3 -DDEBUG -DUSE_HAL_DRIVER -DSTM32G431xx -c -I../Core/Inc -I../Drivers/STM32G4xx_HAL_Driver/Inc -I../Drivers/STM32G4xx_HAL_Driver/Inc/Legacy -I../Drivers/CMSIS/Device/ST/STM32G4xx/Include -I../Drivers/CMSIS/Include -I"C:/Users/josep/Projects/STM32Lora/STM32Lora/RA01" -O0 -ffunction-sections -fdata-sections -Wall -fstack-usage -MMD -MP -MF"Core/Src/spi.d" -MT"Core/Src/spi.o" --specs=nano.specs -mfpu=fpv4-sp-d16 -mfloat-abi=hard -mthumb -o "Core/Src/spi.o"
arm-none-eabi-gcc "../Core/Src/stm32g4xx_hal_msp.c" -mcpu=cortex-m4 -std=gnu11 -g3 -DDEBUG -DUSE_HAL_DRIVER -DSTM32G431xx -c -I../Core/Inc -I../Drivers/STM32G4xx_HAL_Driver/Inc -I../Drivers/STM32G4xx_HAL_Driver/Inc/Legacy -I../Drivers/CMSIS/Device/ST/STM32G4xx/Include -I../Drivers/CMSIS/Include -I"C:/Users/josep/Projects/STM32Lora/STM32Lora/RA01" -O0 -ffunction-sections -fdata-sections -Wall -fstack-usage -MMD -MP -MF"Core/Src/stm32g4xx_hal_msp.d" -MT"Core/Src/stm32g4xx_hal_msp.o" --specs=nano.specs -mfpu=fpv4-sp-d16 -mfloat-abi=hard -mthumb -o "Core/Src/stm32g4xx_hal_msp.o"
arm-none-eabi-gcc "../Core/Src/stm32g4xx_it.c" -mcpu=cortex-m4 -std=gnu11 -g3 -DDEBUG -DUSE_HAL_DRIVER -DSTM32G431xx -c -I../Core/Inc -I../Drivers/STM32G4xx_HAL_Driver/Inc -I../Drivers/STM32G4xx_HAL_Driver/Inc/Legacy -I../Drivers/CMSIS/Device/ST/STM32G4xx/Include -I../Drivers/CMSIS/Include -I"C:/Users/josep/Projects/STM32Lora/STM32Lora/RA01" -O0 -ffunction-sections -fdata-sections -Wall -fstack-usage -MMD -MP -MF"Core/Src/stm32g4xx_it.d" -MT"Core/Src/stm32g4xx_it.o" --specs=nano.specs -mfpu=fpv4-sp-d16 -mfloat-abi=hard -mthumb -o "Core/Src/stm32g4xx_it.o"
arm-none-eabi-gcc "../Core/Src/usart.c" -mcpu=cortex-m4 -std=gnu11 -g3 -DDEBUG -DUSE_HAL_DRIVER -DSTM32G431xx -c -I../Core/Inc -I../Drivers/STM32G4xx_HAL_Driver/Inc -I../Drivers/STM32G4xx_HAL_Driver/Inc/Legacy -I../Drivers/CMSIS/Device/ST/STM32G4xx/Include -I../Drivers/CMSIS/Include -I"C:/Users/josep/Projects/STM32Lora/STM32Lora/RA01" -O0 -ffunction-sections -fdata-sections -Wall -fstack-usage -MMD -MP -MF"Core/Src/usart.d" -MT"Core/Src/usart.o" --specs=nano.specs -mfpu=fpv4-sp-d16 -mfloat-abi=hard -mthumb -o "Core/Src/usart.o"
cc1plus.exe: warning: command-line option '-std=gnu11' is valid for C/ObjC but not for C++
../RA01/ra01.cpp: In member function 'int LoRaClass::endPacket(bool)':
../RA01/ra01.cpp:191:59: warning: suggest parentheses around comparison in operand of '&' [-Wparentheses]
  191 |     while (readRegister(REG_IRQ_FLAGS) & IRQ_TX_DONE_MASK == 0) {
      |                                                           ^
../RA01/ra01.cpp: In member function 'void LoRaClass::writeRegister(uint8_t, uint8_t)':
../RA01/ra01.cpp:746:13: warning: unused variable 'rxData' [-Wunused-variable]
  746 |     uint8_t rxData[5] = {0,0,0,0,0};
      |             ^~~~~~
../RA01/ra01.cpp: In member function 'void LoRaClass::writeCommand(uint8_t, uint8_t*, uint8_t)':
../RA01/ra01.cpp:764:13: warning: unused variable 'rxData' [-Wunused-variable]
  764 |     uint8_t rxData[5] = {0,0,0,0,0};
      |             ^~~~~~
../Core/Src/main.c: In function 'uint8_t checkLoraRead()':
../Core/Src/main.c:63:7: warning: variable 'recieved' set but not used [-Wunused-but-set-variable]
   63 |  bool recieved = false;
      |       ^~~~~~~~
../Core/Src/main.c: In function 'int main()':
../Core/Src/main.c:179:11: warning: unused variable 'loraTransmission' [-Wunused-variable]
  179 |   uint8_t loraTransmission[32];
      |           ^~~~~~~~~~~~~~~~
../Core/Src/main.c:180:11: warning: unused variable 'loraTransmissionLen' [-Wunused-variable]
  180 |   uint8_t loraTransmissionLen = sprintf((char*)spiBuf, "Data:%02X ", (tx_count/15));
      |           ^~~~~~~~~~~~~~~~~~~
../Core/Src/main.c:142:11: warning: unused variable 'val' [-Wunused-variable]
  142 |   uint8_t val;
      |           ^~~
../Core/Src/main.c: In function 'uint8_t loraTransmit(uint8_t*, uint8_t)':
../Core/Src/main.c:87:9: warning: 'void* __builtin_memcpy(void*, const void*, unsigned int)' writing 35 bytes into a region of size 32 overflows the destination [-Wstringop-overflow=]
   87 |   strcpy((char*)uartBuf, "LoRa Transmit Already In Process\r\n");
      |   ~~~~~~^~~~~~~~~~~~~~~~~~~~~~~~~~~~~~~~~~~~~~~~~~~~~~~~~~~~~~~~
arm-none-eabi-g++ -o "STM32Lora.elf" @"objects.list"   -mcpu=cortex-m4 -T"C:\Users\josep\Projects\STM32Lora\STM32Lora\STM32G431KBTX_FLASH.ld" --specs=nosys.specs -Wl,-Map="STM32Lora.map" -Wl,--gc-sections -static --specs=nano.specs -mfpu=fpv4-sp-d16 -mfloat-abi=hard -mthumb -Wl,--start-group -lc -lm -lstdc++ -lsupc++ -Wl,--end-group
Finished building target: STM32Lora.elf
 
arm-none-eabi-size   STM32Lora.elf 
arm-none-eabi-objdump -h -S  STM32Lora.elf  > "STM32Lora.list"
   text	   data	    bss	    dec	    hex	filename
  24676	    124	   1920	  26720	   6860	STM32Lora.elf
Finished building: default.size.stdout
 
Finished building: STM32Lora.list
 
